[debug] [2025-09-24T06:12:42.771Z] ----------------------------------------------------------------------
[debug] [2025-09-24T06:12:42.773Z] Command:       C:\Program Files\nodejs\node.exe C:\Users\iBirds\AppData\Roaming\npm\node_modules\firebase-tools\lib\bin\firebase.js init
[debug] [2025-09-24T06:12:42.773Z] CLI Version:   14.17.0
[debug] [2025-09-24T06:12:42.773Z] Platform:      win32
[debug] [2025-09-24T06:12:42.773Z] Node Version:  v22.16.0
[debug] [2025-09-24T06:12:42.773Z] Time:          Wed Sep 24 2025 11:42:42 GMT+0530 (India Standard Time)
[debug] [2025-09-24T06:12:42.773Z] ----------------------------------------------------------------------
[debug] 
[debug] [2025-09-24T06:12:42.776Z] > command requires scopes: ["email","openid","https://www.googleapis.com/auth/cloudplatformprojects.readonly","https://www.googleapis.com/auth/firebase","https://www.googleapis.com/auth/cloud-platform"]
[debug] [2025-09-24T06:12:42.777Z] > authorizing via signed-in user (sankalp.g@ibirdsservices.com)
[info] 
     ######## #### ########  ######## ########     ###     ######  ########
     ##        ##  ##     ## ##       ##     ##  ##   ##  ##       ##
     ######    ##  ########  ######   ########  #########  ######  ######
     ##        ##  ##    ##  ##       ##     ## ##     ##       ## ##
     ##       #### ##     ## ######## ########  ##     ##  ######  ########

You're about to initialize a Firebase project in this directory:

  D:\GoldenProject

[info] 
=== Project Setup
[info] 
[info] First, let's associate this project directory with a Firebase project.
[info] You can create multiple project aliases by running firebase use --add, 
[info] but for now we'll just set up a default project.
[info] 
